TN:
SF:src/modules/books/services/CreateBookService.ts
FN:20,(anonymous_5)
FN:31,(anonymous_6)
FN:49,(anonymous_7)
FN:53,(anonymous_8)
FNF:4
FNH:4
FNDA:2,(anonymous_5)
FNDA:2,(anonymous_6)
FNDA:2,(anonymous_7)
FNDA:2,(anonymous_8)
DA:1,1
DA:7,1
DA:19,1
DA:22,2
DA:25,2
DA:28,2
DA:40,2
DA:42,2
DA:43,2
DA:45,1
DA:47,1
DA:49,1
DA:50,2
DA:53,2
DA:55,1
DA:57,1
DA:65,1
LF:17
LH:17
BRDA:42,0,0,0
BRDA:43,1,0,1
BRDA:47,2,0,0
BRF:3
BRH:1
end_of_record
TN:
SF:src/modules/books/services/DeleteBookService.ts
FN:11,(anonymous_5)
FN:25,(anonymous_6)
FN:37,(anonymous_7)
FNF:3
FNH:3
FNDA:2,(anonymous_5)
FNDA:2,(anonymous_6)
FNDA:2,(anonymous_7)
DA:1,1
DA:4,1
DA:10,1
DA:13,2
DA:16,2
DA:19,2
DA:22,2
DA:26,2
DA:28,2
DA:29,2
DA:31,1
DA:32,1
DA:34,1
DA:35,1
DA:37,1
DA:38,2
DA:41,1
LF:17
LH:17
BRDA:28,0,0,0
BRDA:29,1,0,1
BRDA:32,2,0,0
BRDA:35,3,0,0
BRF:4
BRH:1
end_of_record
TN:
SF:src/modules/books/services/DetailsBookService.ts
FN:8,(anonymous_4)
FN:13,(anonymous_5)
FNF:2
FNH:2
FNDA:1,(anonymous_4)
FNDA:1,(anonymous_5)
DA:1,1
DA:7,1
DA:10,1
DA:14,1
DA:15,1
LF:5
LH:5
BRF:0
BRH:0
end_of_record
TN:
SF:src/modules/books/services/FindAllBookService.ts
FN:8,(anonymous_4)
FN:13,(anonymous_5)
FNF:2
FNH:2
FNDA:2,(anonymous_4)
FNDA:2,(anonymous_5)
DA:1,1
DA:7,1
DA:10,2
DA:14,2
DA:15,2
LF:5
LH:5
BRF:0
BRH:0
end_of_record
TN:
SF:src/modules/books/services/UpdateBookService.ts
FN:20,(anonymous_5)
FN:34,(anonymous_6)
FN:56,(anonymous_7)
FN:60,(anonymous_8)
FN:65,(anonymous_9)
FNF:5
FNH:5
FNDA:2,(anonymous_5)
FNDA:2,(anonymous_6)
FNDA:2,(anonymous_7)
FNDA:2,(anonymous_8)
FNDA:2,(anonymous_9)
DA:1,1
DA:7,1
DA:19,1
DA:22,2
DA:25,2
DA:28,2
DA:31,2
DA:42,2
DA:44,2
DA:45,2
DA:47,1
DA:48,1
DA:50,1
DA:51,1
DA:53,1
DA:55,1
DA:56,1
DA:57,2
DA:60,1
DA:61,2
DA:65,2
DA:67,1
DA:69,1
LF:23
LH:23
BRDA:44,0,0,0
BRDA:45,1,0,1
BRDA:48,2,0,0
BRDA:51,3,0,0
BRDA:55,4,0,1
BRDA:70,5,0,1
BRDA:70,5,1,0
BRDA:71,6,0,1
BRDA:71,6,1,0
BRDA:72,7,0,1
BRDA:72,7,1,0
BRDA:73,8,0,1
BRDA:73,8,1,0
BRDA:74,9,0,1
BRDA:74,9,1,0
BRF:15
BRH:7
end_of_record
TN:
SF:src/modules/rents/services/CreateRentService.ts
FN:16,(anonymous_5)
FN:27,(anonymous_6)
FNF:2
FNH:0
FNDA:0,(anonymous_5)
FNDA:0,(anonymous_6)
DA:1,0
DA:7,0
DA:15,0
DA:18,0
DA:21,0
DA:24,0
DA:28,0
DA:29,0
DA:31,0
DA:32,0
DA:34,0
DA:35,0
DA:37,0
DA:43,0
LF:14
LH:0
BRDA:29,0,0,0
BRDA:32,1,0,0
BRDA:35,2,0,0
BRF:3
BRH:0
end_of_record
TN:
SF:src/modules/rents/services/UpdateFreeBookRentalService.ts
FN:8,(anonymous_5)
FN:13,(anonymous_6)
FNF:2
FNH:0
FNDA:0,(anonymous_5)
FNDA:0,(anonymous_6)
DA:1,0
DA:4,0
DA:7,0
DA:10,0
DA:14,0
DA:15,0
DA:17,0
LF:7
LH:0
BRDA:15,0,0,0
BRF:1
BRH:0
end_of_record
TN:
SF:src/modules/users/services/AuthenticatedUsersService.ts
FN:23,(anonymous_5)
FN:31,(anonymous_6)
FNF:2
FNH:2
FNDA:3,(anonymous_5)
FNDA:3,(anonymous_6)
DA:2,1
DA:3,1
DA:4,1
DA:9,1
DA:22,1
DA:25,3
DA:28,3
DA:32,3
DA:34,3
DA:36,2
DA:38,2
DA:40,1
DA:42,1
DA:47,1
LF:14
LH:14
BRDA:34,0,0,1
BRDA:38,1,0,1
BRF:2
BRH:2
end_of_record
TN:
SF:src/modules/users/services/CreateUserService.ts
FN:11,(anonymous_5)
FN:19,(anonymous_6)
FNF:2
FNH:2
FNDA:3,(anonymous_5)
FNDA:4,(anonymous_6)
DA:1,1
DA:7,1
DA:10,1
DA:13,3
DA:16,3
DA:20,4
DA:22,4
DA:24,3
DA:26,3
DA:33,3
LF:10
LH:10
BRDA:22,0,0,1
BRF:1
BRH:1
end_of_record
